<?xml version="1.0" encoding="UTF-8"?>
<!-- Generated by org.testng.reporters.JUnitXMLReporter -->
<testsuite ignored="2" hostname="DESKTOP-1118KPU" failures="0" tests="5" name="Car Loan" time="0.095" errors="0" timestamp="2024-06-22T18:15:06 IST">
  <testcase classname="test.day3" name="MobileloginCarLoan" time="0.008"/>
  <testcase classname="test.day3" name="MobilesignoutCarLoan" time="0.007"/>
  <testcase classname="test.day3" name="MobilesignoutCarLoan" time="0.003"/>
  <testcase classname="test.day3" name="MobilesignoutCarLoan" time="0.001"/>
  <testcase classname="test.day3" name="WebloginCarLoan" time="0.001"/>
  <testcase classname="test.day3" name="MobilesigninCarLoan" time="0.0">
    <ignored/>
  </testcase> <!-- MobilesigninCarLoan -->
  <testcase classname="test.day3" name="LoginAPICarLoan" time="0.0">
    <ignored/>
  </testcase> <!-- LoginAPICarLoan -->
</testsuite> <!-- Car Loan -->
